2025-03-10 23:56:08,771 - duplicate_identification - INFO - Connecting to database...
2025-03-10 23:56:08,809 - duplicate_identification - INFO - Finding potential duplicates with similarity > 0.8...
2025-03-10 23:56:12,013 - duplicate_identification - INFO - Found 10 potential duplicates in 3.20 seconds.
2025-03-10 23:56:12,014 - duplicate_identification - INFO - Database connection closed.
2025-03-10 23:56:27,506 - duplicate_identification - INFO - Merging track 57023 into 78070...
2025-03-10 23:56:27,686 - duplicate_identification - INFO - Successfully merged track 57023 into 78070.
2025-03-10 23:57:12,298 - duplicate_identification - INFO - Merging track 60407 into 57034...
2025-03-10 23:57:12,351 - duplicate_identification - INFO - Successfully merged track 60407 into 57034.
2025-03-10 23:57:22,751 - duplicate_identification - INFO - Merging track 57047 into 71607...
2025-03-10 23:57:22,805 - duplicate_identification - INFO - Successfully merged track 57047 into 71607.
2025-03-10 23:57:29,147 - duplicate_identification - INFO - Merging track 57078 into 65050...
2025-03-10 23:57:29,201 - duplicate_identification - INFO - Successfully merged track 57078 into 65050.
2025-03-10 23:57:36,163 - duplicate_identification - INFO - Merging track 57094 into 57447...
2025-03-10 23:57:36,217 - duplicate_identification - INFO - Successfully merged track 57094 into 57447.
2025-03-10 23:57:46,693 - duplicate_identification - INFO - Merging track 57102 into 62495...
2025-03-10 23:57:46,784 - duplicate_identification - INFO - Successfully merged track 57102 into 62495.
2025-03-10 23:57:52,651 - duplicate_identification - INFO - Merging track 59163 into 57108...
2025-03-10 23:57:52,725 - duplicate_identification - INFO - Successfully merged track 59163 into 57108.
2025-03-10 23:57:58,073 - duplicate_identification - INFO - Merging track 60564 into 57154...
2025-03-10 23:57:58,129 - duplicate_identification - INFO - Successfully merged track 60564 into 57154.
2025-03-10 23:58:08,496 - duplicate_identification - INFO - Merging track 57168 into 73033...
2025-03-10 23:58:08,547 - duplicate_identification - INFO - Successfully merged track 57168 into 73033.
2025-03-10 23:59:02,008 - duplicate_identification - INFO - Merging track 56935 into 57971...
2025-03-10 23:59:02,064 - duplicate_identification - INFO - Successfully merged track 56935 into 57971.
